[2015-05-02 12:51:08]INFO  jodd.db.person.DBoomTest(line/:199) -Foo [id=2000, remark=data2]
[2015-05-02 12:51:08]INFO  jodd.db.person.DBoomTest(line/:199) -Foo [id=3000, remark=data3]
[2015-05-02 12:51:08]INFO  jodd.db.person.DBoomTest(line/:199) -Foo [id=4000, remark=data4]
[2015-05-02 12:51:08]INFO  jodd.db.person.DBoomTest(line/:199) -Foo [id=5000, remark=data5]
[2015-05-02 12:51:08]INFO  jodd.db.person.DBoomTest(line/:199) -Foo [id=6000, remark=data6]
[2015-05-02 12:51:08]INFO  jodd.db.person.DBoomTest(line/:199) -Foo [id=7000, remark=data7]
[2015-05-02 12:51:08]INFO  jodd.db.person.DBoomTest(line/:199) -Foo [id=8000, remark=data8]
[2015-05-02 12:51:08]INFO  jodd.db.person.DBoomTest(line/:199) -Foo [id=9000, remark=data9]
[2015-05-02 12:51:08]INFO  jodd.db.person.DBoomTest(line/:199) -Foo [id=10000, remark=data]
[2015-05-02 16:49:18]INFO  jodd.db.person.DBoomTest(line/:199) -Foo [id=2000, remark=data2]
[2015-05-02 16:49:18]INFO  jodd.db.person.DBoomTest(line/:199) -Foo [id=3000, remark=data3]
[2015-05-02 16:49:18]INFO  jodd.db.person.DBoomTest(line/:199) -Foo [id=4000, remark=data4]
[2015-05-02 16:49:18]INFO  jodd.db.person.DBoomTest(line/:199) -Foo [id=5000, remark=data5]
[2015-05-02 16:49:18]INFO  jodd.db.person.DBoomTest(line/:199) -Foo [id=6000, remark=data6]
[2015-05-02 16:49:18]INFO  jodd.db.person.DBoomTest(line/:199) -Foo [id=7000, remark=data7]
[2015-05-02 16:49:18]INFO  jodd.db.person.DBoomTest(line/:199) -Foo [id=8000, remark=data8]
[2015-05-02 16:49:18]INFO  jodd.db.person.DBoomTest(line/:199) -Foo [id=9000, remark=data9]
[2015-05-02 16:49:18]INFO  jodd.db.person.DBoomTest(line/:199) -Foo [id=10000, remark=data]
[2015-05-02 17:13:58]INFO  jodd.db.person.DBoomTest(line/:216) -data2
[2015-05-02 17:13:58]INFO  jodd.db.person.DBoomTest(line/:216) -data3
[2015-05-02 17:13:58]INFO  jodd.db.person.DBoomTest(line/:216) -data4
[2015-05-02 17:13:58]INFO  jodd.db.person.DBoomTest(line/:216) -data5
[2015-05-02 17:13:58]INFO  jodd.db.person.DBoomTest(line/:216) -data6
[2015-05-02 17:13:58]INFO  jodd.db.person.DBoomTest(line/:216) -data7
[2015-05-02 17:13:58]INFO  jodd.db.person.DBoomTest(line/:216) -data8
[2015-05-02 17:13:58]INFO  jodd.db.person.DBoomTest(line/:216) -data9
[2015-05-02 17:13:58]INFO  jodd.db.person.DBoomTest(line/:216) -data
[2015-05-02 17:18:05]INFO  jodd.db.person.DBoomTest(line/:216) -data2
[2015-05-02 17:18:05]INFO  jodd.db.person.DBoomTest(line/:216) -data3
[2015-05-02 17:18:05]INFO  jodd.db.person.DBoomTest(line/:216) -data4
[2015-05-02 17:18:05]INFO  jodd.db.person.DBoomTest(line/:216) -data5
[2015-05-02 17:18:05]INFO  jodd.db.person.DBoomTest(line/:216) -data6
[2015-05-02 17:18:05]INFO  jodd.db.person.DBoomTest(line/:216) -data7
[2015-05-02 17:18:05]INFO  jodd.db.person.DBoomTest(line/:216) -data8
[2015-05-02 17:18:05]INFO  jodd.db.person.DBoomTest(line/:216) -data9
[2015-05-02 17:18:05]INFO  jodd.db.person.DBoomTest(line/:216) -data
[2015-05-02 17:18:57]INFO  jodd.db.person.DBoomTest(line/:216) -data2
[2015-05-02 17:18:57]INFO  jodd.db.person.DBoomTest(line/:216) -data3
[2015-05-02 17:18:57]INFO  jodd.db.person.DBoomTest(line/:216) -data4
[2015-05-02 17:18:57]INFO  jodd.db.person.DBoomTest(line/:216) -data5
[2015-05-02 17:18:57]INFO  jodd.db.person.DBoomTest(line/:216) -data6
[2015-05-02 17:18:57]INFO  jodd.db.person.DBoomTest(line/:216) -data7
[2015-05-02 17:18:57]INFO  jodd.db.person.DBoomTest(line/:216) -data8
[2015-05-02 17:18:57]INFO  jodd.db.person.DBoomTest(line/:216) -data9
[2015-05-02 17:18:57]INFO  jodd.db.person.DBoomTest(line/:216) -data
[2015-05-02 17:19:06]INFO  jodd.db.person.DBoomTest(line/:216) -data2
[2015-05-02 17:19:06]INFO  jodd.db.person.DBoomTest(line/:216) -data3
[2015-05-02 17:19:06]INFO  jodd.db.person.DBoomTest(line/:216) -data4
[2015-05-02 17:19:06]INFO  jodd.db.person.DBoomTest(line/:216) -data5
[2015-05-02 17:19:06]INFO  jodd.db.person.DBoomTest(line/:216) -data6
[2015-05-02 17:19:06]INFO  jodd.db.person.DBoomTest(line/:216) -data7
[2015-05-02 17:19:06]INFO  jodd.db.person.DBoomTest(line/:216) -data8
[2015-05-02 17:19:06]INFO  jodd.db.person.DBoomTest(line/:216) -data9
[2015-05-02 17:19:06]INFO  jodd.db.person.DBoomTest(line/:216) -data
[2015-05-02 17:19:39]INFO  jodd.db.person.DBoomTest(line/:216) -data2
[2015-05-02 17:19:39]INFO  jodd.db.person.DBoomTest(line/:216) -data3
[2015-05-02 17:19:39]INFO  jodd.db.person.DBoomTest(line/:216) -data4
[2015-05-02 17:19:39]INFO  jodd.db.person.DBoomTest(line/:216) -data5
[2015-05-02 17:19:39]INFO  jodd.db.person.DBoomTest(line/:216) -data6
[2015-05-02 17:19:39]INFO  jodd.db.person.DBoomTest(line/:216) -data7
[2015-05-02 17:19:39]INFO  jodd.db.person.DBoomTest(line/:216) -data8
[2015-05-02 17:19:39]INFO  jodd.db.person.DBoomTest(line/:216) -data9
[2015-05-02 17:19:39]INFO  jodd.db.person.DBoomTest(line/:216) -data
[2015-05-02 17:22:37]INFO  jodd.db.person.DBoomTest(line/:215) -data2
[2015-05-02 17:22:37]INFO  jodd.db.person.DBoomTest(line/:215) -data3
[2015-05-02 17:22:37]INFO  jodd.db.person.DBoomTest(line/:215) -data4
[2015-05-02 17:22:37]INFO  jodd.db.person.DBoomTest(line/:215) -data5
[2015-05-02 17:22:37]INFO  jodd.db.person.DBoomTest(line/:215) -data6
[2015-05-02 17:22:37]INFO  jodd.db.person.DBoomTest(line/:215) -data7
[2015-05-02 17:22:37]INFO  jodd.db.person.DBoomTest(line/:215) -data8
[2015-05-02 17:22:37]INFO  jodd.db.person.DBoomTest(line/:215) -data9
[2015-05-02 17:22:37]INFO  jodd.db.person.DBoomTest(line/:215) -data
[2015-12-14 15:35:30]INFO  Cache.Test(line/:13) -false
[2015-12-14 15:35:30]INFO  Cache.Test(line/:26) -删除前的大小：17
[2015-12-14 15:35:30]INFO  Cache.Test(line/:29) -删除后的大小：16
